<?xml version="1.0" encoding="UTF-8"?>
<testsuite xmlns:xsi="http://www.w3.org/2001/XMLSchema-instance" xsi:noNamespaceSchemaLocation="https://maven.apache.org/surefire/maven-surefire-plugin/xsd/surefire-test-report.xsd" name="io.autocomplete.AutoCompleteApplicationTests" time="12.828" tests="4" errors="0" skipped="0" failures="0">
  <properties>
[...]
</properties>
  <testcase name="whenTestingForPositiveResultEndingWithS" classname="io.autocomplete.AutoCompleteApplicationTests" time="0.832"/>
  <testcase name="whenTestingForPositiveWithSameV1" classname="io.autocomplete.AutoCompleteApplicationTests" time="0.109"/>
  <testcase name="contextLoads" classname="io.autocomplete.AutoCompleteApplicationTests" time="0"/>
  <testcase name="whenTestingForEmptyString" classname="io.autocomplete.AutoCompleteApplicationTests" time="0.008"/>
</testsuite>